<?xml version="1.0" encoding="UTF-8"?>
<testng-results skipped="0" failed="0" ignored="0" total="1" passed="1">
  <reporter-output>
  </reporter-output>
  <suite name="Default suite" duration-ms="66567" started-at="2019-11-27T14:35:26Z" finished-at="2019-11-27T14:36:32Z">
    <groups>
    </groups>
    <test name="Default test" duration-ms="66567" started-at="2019-11-27T14:35:26Z" finished-at="2019-11-27T14:36:32Z">
      <class name="com.training.sanity.tests.TC03_ProductSearchTest">
        <test-method status="PASS" signature="setUpBeforeClass()[pri:0, instance:com.training.sanity.tests.TC03_ProductSearchTest@3e6fa38a]" name="setUpBeforeClass" is-config="true" duration-ms="18" started-at="2019-11-27T14:35:26Z" finished-at="2019-11-27T14:35:26Z">
          <reporter-output>
          </reporter-output>
        </test-method> <!-- setUpBeforeClass -->
        <test-method status="PASS" signature="setUp()[pri:0, instance:com.training.sanity.tests.TC03_ProductSearchTest@3e6fa38a]" name="setUp" is-config="true" duration-ms="18398" started-at="2019-11-27T14:35:26Z" finished-at="2019-11-27T14:35:44Z">
          <reporter-output>
          </reporter-output>
        </test-method> <!-- setUp -->
        <test-method status="PASS" signature="productSelection()[pri:0, instance:com.training.sanity.tests.TC03_ProductSearchTest@3e6fa38a]" name="productSelection" duration-ms="46354" started-at="2019-11-27T14:35:44Z" finished-at="2019-11-27T14:36:31Z">
          <reporter-output>
          </reporter-output>
        </test-method> <!-- productSelection -->
        <test-method status="PASS" signature="tearDown()[pri:0, instance:com.training.sanity.tests.TC03_ProductSearchTest@3e6fa38a]" name="tearDown" is-config="true" duration-ms="1763" started-at="2019-11-27T14:36:31Z" finished-at="2019-11-27T14:36:32Z">
          <reporter-output>
          </reporter-output>
        </test-method> <!-- tearDown -->
      </class> <!-- com.training.sanity.tests.TC03_ProductSearchTest -->
    </test> <!-- Default test -->
  </suite> <!-- Default suite -->
</testng-results>
